<?xml version="1.0" encoding="UTF-8"?>
<!-- Generated by org.testng.reporters.JUnitXMLReporter -->
<testsuite ignored="0" hostname="Mahadys-MBP.lan" failures="2" tests="5" name="Test" time="1.074" errors="0" timestamp="2024-06-11T06:56:14 EDT">
  <testcase classname="testNgExample.ITestClass1" name="testMethod4" time="0.01"/>
  <testcase classname="testNgExample.ITestClass1" name="testMethod1" time="0.001"/>
  <testcase classname="testNgExample.ITestClass1" name="testMethod2" time="0.002">
    <failure type="java.lang.AssertionError">
      <![CDATA[java.lang.AssertionError: 
at testNgExample.ITestClass1.testMethod2(ITestClass1.java:17)
at java.base/java.util.ArrayList.forEach(ArrayList.java:1511)
... Removed 30 stack frames]]>
    </failure>
  </testcase> <!-- testMethod2 -->
  <testcase classname="testNgExample.ITestClass1" name="testMethod3" time="1.007">
    <failure type="org.testng.internal.thread.ThreadTimeoutException" message="Method testNgExample.ITestClass1.testMethod3() didn&amp;apos;t finish within the time-out 1000">
      <![CDATA[org.testng.internal.thread.ThreadTimeoutException: Method testNgExample.ITestClass1.testMethod3() didn't finish within the time-out 1000
at java.base/java.util.ArrayList.forEach(ArrayList.java:1511)
... Removed 24 stack frames]]>
    </failure>
  </testcase> <!-- testMethod3 -->
  <testcase classname="testNgExample.ITestClass1" name="testMethod5" time="0.001"/>
</testsuite> <!-- Test -->
